E:\Zainstalowane Gry\Visual Studio\IDE\MSBuild\Microsoft\VC\v170\Microsoft.CppBuild.targets(534,5): warning MSB8028: Katalog pośredni (x64\Debug\) zawiera pliki udostępnione z innego projektu (sfml.vcxproj). Może to spowodować niepoprawne zachowanie podczas oczyszczania i ponownej kompilacji.
  Button.cpp
  Drawable.cpp
E:\C++ programy\Projekty_Visual\Labirynt\sfml\Drawable.cpp(15,42): warning C4244: "argument": konwersja z "T" do "unsigned int", możliwa utrata danych
          with
          [
              T=float
          ]
E:\C++ programy\Projekty_Visual\Labirynt\sfml\Drawable.cpp(15,34): warning C4244: "argument": konwersja z "T" do "unsigned int", możliwa utrata danych
          with
          [
              T=float
          ]
  Listener.cpp
  MainMenu.cpp
E:\C++ programy\Projekty_Visual\Labirynt\sfml\MazeSolver.h(37,1): warning C4267: "=": konwersja z "size_t" do "unsigned short", możliwa utrata danych
E:\C++ programy\Projekty_Visual\Labirynt\sfml\MainMenu.cpp(11,18): warning C4244: "+=": konwersja z "float" do "int", możliwa utrata danych
E:\C++ programy\Projekty_Visual\Labirynt\sfml\MainMenu.cpp(15,6): warning C4244: "=": konwersja z "double" do "short", możliwa utrata danych
E:\C++ programy\Projekty_Visual\Labirynt\sfml\MainMenu.cpp(19,19): warning C4244: "+=": konwersja z "float" do "int", możliwa utrata danych
E:\C++ programy\Projekty_Visual\Labirynt\sfml\MainMenu.cpp(23,6): warning C4244: "=": konwersja z "double" do "short", możliwa utrata danych
  MainWindow.cpp
E:\C++ programy\Projekty_Visual\Labirynt\sfml\MazeSolver.h(37,1): warning C4267: "=": konwersja z "size_t" do "unsigned short", możliwa utrata danych
E:\C++ programy\Projekty_Visual\Labirynt\sfml\MainWindow.cpp(13,12): warning C4244: "argument": konwersja z "time_t" do "unsigned int", możliwa utrata danych
E:\Zainstalowane Gry\Visual Studio\IDE\VC\Tools\MSVC\14.33.31629\include\xutility(238,77): warning C4244: "argument": konwersja z "int" do "float", możliwa utrata danych
E:\Zainstalowane Gry\Visual Studio\IDE\VC\Tools\MSVC\14.33.31629\include\memory(2022): message : zobacz odwołanie do kompilowanego tworzenia wystąpienia „void std::_Construct_in_place<_Ty,int&,int&,int&,int&,sf::Color>(_Ty &,int &,int &,int &,int &,sf::Color &&) noexcept(false)” funkcji szablon
          with
          [
              _Ty=SquareMaze
          ]
E:\Zainstalowane Gry\Visual Studio\IDE\VC\Tools\MSVC\14.33.31629\include\memory(2741): message : zobacz odwołanie do kompilowanego tworzenia wystąpienia „std::_Ref_count_obj2<SquareMaze>::_Ref_count_obj2<int&,int&,int&,int&,_Ty>(int &,int &,int &,int &,_Ty &&)” funkcji szablon
          with
          [
              _Ty=sf::Color
          ]
E:\Zainstalowane Gry\Visual Studio\IDE\VC\Tools\MSVC\14.33.31629\include\memory(2742): message : zobacz odwołanie do kompilowanego tworzenia wystąpienia „std::_Ref_count_obj2<SquareMaze>::_Ref_count_obj2<int&,int&,int&,int&,_Ty>(int &,int &,int &,int &,_Ty &&)” funkcji szablon
          with
          [
              _Ty=sf::Color
          ]
E:\C++ programy\Projekty_Visual\Labirynt\sfml\MainWindow.cpp(18): message : zobacz odwołanie do kompilowanego tworzenia wystąpienia „std::shared_ptr<SquareMaze> std::make_shared<SquareMaze,int&,int&,int&,int&,sf::Color>(int &,int &,int &,int &,sf::Color &&)” funkcji szablon
  Maze.cpp
E:\C++ programy\Projekty_Visual\Labirynt\sfml\Maze.cpp(29,54): warning C4244: "=": konwersja z "float" do "unsigned short", możliwa utrata danych
E:\C++ programy\Projekty_Visual\Labirynt\sfml\Maze.cpp(30,54): warning C4244: "=": konwersja z "float" do "unsigned short", możliwa utrata danych
  sfml.cpp
E:\C++ programy\Projekty_Visual\Labirynt\sfml\tile.h(29,41): warning C4244: "argument": konwersja z "unsigned int" do "T", możliwa utrata danych
          with
          [
              T=float
          ]
E:\C++ programy\Projekty_Visual\Labirynt\sfml\tile.h(29,29): warning C4244: "argument": konwersja z "unsigned int" do "T", możliwa utrata danych
          with
          [
              T=float
          ]
E:\C++ programy\Projekty_Visual\Labirynt\sfml\tile.h(46,23): warning C4244: "argument": konwersja z "unsigned int" do "float", możliwa utrata danych
E:\C++ programy\Projekty_Visual\Labirynt\sfml\tile.h(46,20): warning C4244: "argument": konwersja z "unsigned int" do "float", możliwa utrata danych
E:\C++ programy\Projekty_Visual\Labirynt\sfml\tile.h(75,43): warning C4244: "argument": konwersja z "unsigned int" do "T", możliwa utrata danych
          with
          [
              T=float
          ]
E:\C++ programy\Projekty_Visual\Labirynt\sfml\tile.h(76,38): warning C4244: "argument": konwersja z "unsigned int" do "float", możliwa utrata danych
E:\C++ programy\Projekty_Visual\Labirynt\sfml\tile.h(76,24): warning C4244: "argument": konwersja z "unsigned int" do "float", możliwa utrata danych
E:\C++ programy\Projekty_Visual\Labirynt\sfml\tile.h(82,43): warning C4244: "argument": konwersja z "unsigned int" do "T", możliwa utrata danych
          with
          [
              T=float
          ]
E:\C++ programy\Projekty_Visual\Labirynt\sfml\tile.h(83,38): warning C4244: "argument": konwersja z "unsigned int" do "float", możliwa utrata danych
E:\C++ programy\Projekty_Visual\Labirynt\sfml\tile.h(83,24): warning C4244: "argument": konwersja z "unsigned int" do "float", możliwa utrata danych
E:\C++ programy\Projekty_Visual\Labirynt\sfml\tile.h(89,31): warning C4244: "argument": konwersja z "unsigned int" do "T", możliwa utrata danych
          with
          [
              T=float
          ]
E:\C++ programy\Projekty_Visual\Labirynt\sfml\tile.h(90,27): warning C4244: "argument": konwersja z "unsigned int" do "float", możliwa utrata danych
E:\C++ programy\Projekty_Visual\Labirynt\sfml\tile.h(90,22): warning C4244: "argument": konwersja z "unsigned int" do "float", możliwa utrata danych
E:\C++ programy\Projekty_Visual\Labirynt\sfml\tile.h(96,31): warning C4244: "argument": konwersja z "unsigned int" do "T", możliwa utrata danych
          with
          [
              T=float
          ]
E:\C++ programy\Projekty_Visual\Labirynt\sfml\tile.h(97,27): warning C4244: "argument": konwersja z "unsigned int" do "float", możliwa utrata danych
E:\C++ programy\Projekty_Visual\Labirynt\sfml\tile.h(97,22): warning C4244: "argument": konwersja z "unsigned int" do "float", możliwa utrata danych
E:\C++ programy\Projekty_Visual\Labirynt\sfml\labyrinth.h(122,22): warning C4018: "<": niezgodność typu ze znakiem/bez znaku
E:\C++ programy\Projekty_Visual\Labirynt\sfml\labyrinth.h(133,22): warning C4018: "<": niezgodność typu ze znakiem/bez znaku
E:\C++ programy\Projekty_Visual\Labirynt\sfml\labyrinth.h(148,22): warning C4018: "<": niezgodność typu ze znakiem/bez znaku
E:\C++ programy\Projekty_Visual\Labirynt\sfml\labyrinth.h(168,22): warning C4018: "<": niezgodność typu ze znakiem/bez znaku
E:\C++ programy\Projekty_Visual\Labirynt\sfml\labyrinth.h(202,13): warning C4244: "argument": konwersja z "time_t" do "unsigned int", możliwa utrata danych
E:\C++ programy\Projekty_Visual\Labirynt\sfml\labyrinth.h(241,23): warning C4018: "<": niezgodność typu ze znakiem/bez znaku
E:\C++ programy\Projekty_Visual\Labirynt\sfml\labyrinth.h(255,23): warning C4018: "<": niezgodność typu ze znakiem/bez znaku
E:\C++ programy\Projekty_Visual\Labirynt\sfml\MazeSolver.h(37,1): warning C4267: "=": konwersja z "size_t" do "unsigned short", możliwa utrata danych
  Slider.cpp
E:\C++ programy\Projekty_Visual\Labirynt\sfml\Slider.cpp(13,20): warning C4244: "inicjowanie": konwersja z "double" do "float", możliwa utrata danych
E:\C++ programy\Projekty_Visual\Labirynt\sfml\Slider.cpp(76,38): warning C4244: "=": konwersja z "T" do "unsigned short", możliwa utrata danych
          with
          [
              T=float
          ]
  TextLabel.cpp
  Window.cpp
E:\C++ programy\Projekty_Visual\Labirynt\sfml\Window.cpp(17,53): warning C4244: "argument": konwersja z "unsigned short" do "sf::Uint8", możliwa utrata danych
  Generowanie kodu...
  LINK : nie znaleziono elementu E:\C++ programy\Projekty_Visual\Labirynt\x64\Debug\labirynt.exe ani nie został on skompilowany podczas ostatniego konsolidowania przyrostowego; zostanie wykonana pełna konsolidacja
  sfml.vcxproj -> E:\C++ programy\Projekty_Visual\Labirynt\x64\Debug\labirynt.exe
  E:\C++ programy\Projekty_Visual\Labirynt\packages\SFML-cpp.redist.2.5.1.1\build\native\bin\x64\Debug\openal32.dll
  1 File(s) copied
