  MainMenu.cpp
E:\C++ programy\Projekty_Visual\sfml\sfml\MazeSolver.h(37,1): warning C4267: "=": konwersja z "size_t" do "unsigned short", możliwa utrata danych
E:\C++ programy\Projekty_Visual\sfml\sfml\MainMenu.cpp(11,18): warning C4244: "+=": konwersja z "float" do "int", możliwa utrata danych
E:\C++ programy\Projekty_Visual\sfml\sfml\MainMenu.cpp(15,6): warning C4244: "=": konwersja z "double" do "short", możliwa utrata danych
E:\C++ programy\Projekty_Visual\sfml\sfml\MainMenu.cpp(19,19): warning C4244: "+=": konwersja z "float" do "int", możliwa utrata danych
E:\C++ programy\Projekty_Visual\sfml\sfml\MainMenu.cpp(23,6): warning C4244: "=": konwersja z "double" do "short", możliwa utrata danych
  sfml.cpp
E:\C++ programy\Projekty_Visual\sfml\sfml\tile.h(29,41): warning C4244: "argument": konwersja z "unsigned int" do "T", możliwa utrata danych
          with
          [
              T=float
          ]
E:\C++ programy\Projekty_Visual\sfml\sfml\tile.h(29,29): warning C4244: "argument": konwersja z "unsigned int" do "T", możliwa utrata danych
          with
          [
              T=float
          ]
E:\C++ programy\Projekty_Visual\sfml\sfml\tile.h(46,23): warning C4244: "argument": konwersja z "unsigned int" do "float", możliwa utrata danych
E:\C++ programy\Projekty_Visual\sfml\sfml\tile.h(46,20): warning C4244: "argument": konwersja z "unsigned int" do "float", możliwa utrata danych
E:\C++ programy\Projekty_Visual\sfml\sfml\tile.h(88,43): warning C4244: "argument": konwersja z "unsigned int" do "T", możliwa utrata danych
          with
          [
              T=float
          ]
E:\C++ programy\Projekty_Visual\sfml\sfml\tile.h(89,38): warning C4244: "argument": konwersja z "unsigned int" do "float", możliwa utrata danych
E:\C++ programy\Projekty_Visual\sfml\sfml\tile.h(89,24): warning C4244: "argument": konwersja z "unsigned int" do "float", możliwa utrata danych
E:\C++ programy\Projekty_Visual\sfml\sfml\tile.h(95,43): warning C4244: "argument": konwersja z "unsigned int" do "T", możliwa utrata danych
          with
          [
              T=float
          ]
E:\C++ programy\Projekty_Visual\sfml\sfml\tile.h(96,38): warning C4244: "argument": konwersja z "unsigned int" do "float", możliwa utrata danych
E:\C++ programy\Projekty_Visual\sfml\sfml\tile.h(96,24): warning C4244: "argument": konwersja z "unsigned int" do "float", możliwa utrata danych
E:\C++ programy\Projekty_Visual\sfml\sfml\tile.h(102,31): warning C4244: "argument": konwersja z "unsigned int" do "T", możliwa utrata danych
          with
          [
              T=float
          ]
E:\C++ programy\Projekty_Visual\sfml\sfml\tile.h(103,27): warning C4244: "argument": konwersja z "unsigned int" do "float", możliwa utrata danych
E:\C++ programy\Projekty_Visual\sfml\sfml\tile.h(103,22): warning C4244: "argument": konwersja z "unsigned int" do "float", możliwa utrata danych
E:\C++ programy\Projekty_Visual\sfml\sfml\tile.h(109,31): warning C4244: "argument": konwersja z "unsigned int" do "T", możliwa utrata danych
          with
          [
              T=float
          ]
E:\C++ programy\Projekty_Visual\sfml\sfml\tile.h(110,27): warning C4244: "argument": konwersja z "unsigned int" do "float", możliwa utrata danych
E:\C++ programy\Projekty_Visual\sfml\sfml\tile.h(110,22): warning C4244: "argument": konwersja z "unsigned int" do "float", możliwa utrata danych
E:\C++ programy\Projekty_Visual\sfml\sfml\labyrinth.h(135,22): warning C4018: "<": niezgodność typu ze znakiem/bez znaku
E:\C++ programy\Projekty_Visual\sfml\sfml\labyrinth.h(146,22): warning C4018: "<": niezgodność typu ze znakiem/bez znaku
E:\C++ programy\Projekty_Visual\sfml\sfml\labyrinth.h(161,22): warning C4018: "<": niezgodność typu ze znakiem/bez znaku
E:\C++ programy\Projekty_Visual\sfml\sfml\labyrinth.h(181,22): warning C4018: "<": niezgodność typu ze znakiem/bez znaku
E:\C++ programy\Projekty_Visual\sfml\sfml\labyrinth.h(215,13): warning C4244: "argument": konwersja z "time_t" do "unsigned int", możliwa utrata danych
E:\C++ programy\Projekty_Visual\sfml\sfml\labyrinth.h(262,23): warning C4018: "<": niezgodność typu ze znakiem/bez znaku
E:\C++ programy\Projekty_Visual\sfml\sfml\labyrinth.h(276,23): warning C4018: "<": niezgodność typu ze znakiem/bez znaku
E:\C++ programy\Projekty_Visual\sfml\sfml\MazeSolver.h(37,1): warning C4267: "=": konwersja z "size_t" do "unsigned short", możliwa utrata danych
  Trwa generowanie kodu
  4 of 974 functions ( 0.4%) were compiled, the rest were copied from previous compilation.
    0 functions were new in current compilation
    1 functions had inline decision re-evaluated but remain unchanged
  Zakończono generowanie kodu
  sfml.vcxproj -> E:\C++ programy\Projekty_Visual\sfml\x64\Release\sfml.exe
  E:\C++ programy\Projekty_Visual\sfml\packages\SFML-cpp.redist.2.5.1.1\build\native\bin\x64\Release\openal32.dll
  1 File(s) copied
