c:\users\daniel\source\repos\sfml\sfml\debug\vc142.pdb
c:\users\daniel\source\repos\sfml\sfml\debug\vc142.idb
c:\users\daniel\source\repos\sfml\sfml\debug\sfml.obj
c:\users\daniel\source\repos\sfml\sfml\debug\listener.obj
c:\users\daniel\source\repos\sfml\sfml\debug\maze.obj
c:\users\daniel\source\repos\sfml\sfml\debug\mainmenu.obj
c:\users\daniel\source\repos\sfml\sfml\debug\buttonlistener.obj
c:\users\daniel\source\repos\sfml\sfml\debug\button.obj
c:\users\daniel\source\repos\sfml\sfml\debug\app.obj
c:\users\daniel\source\repos\sfml\sfml\debug\slider.obj
c:\users\daniel\source\repos\sfml\debug\sfml.exe
c:\users\daniel\source\repos\sfml\debug\sfml.ilk
c:\users\daniel\source\repos\sfml\debug\sfml.pdb
c:\users\daniel\source\repos\sfml\sfml\debug\sfml.res
c:\users\daniel\source\repos\sfml\sfml\debug\sfml.tlog\cl.command.1.tlog
c:\users\daniel\source\repos\sfml\sfml\debug\sfml.tlog\cl.read.1.tlog
c:\users\daniel\source\repos\sfml\sfml\debug\sfml.tlog\cl.write.1.tlog
c:\users\daniel\source\repos\sfml\sfml\debug\sfml.tlog\link.command.1.tlog
c:\users\daniel\source\repos\sfml\sfml\debug\sfml.tlog\link.read.1.tlog
c:\users\daniel\source\repos\sfml\sfml\debug\sfml.tlog\link.write.1.tlog
c:\users\daniel\source\repos\sfml\sfml\debug\sfml.tlog\rc.command.1.tlog
c:\users\daniel\source\repos\sfml\sfml\debug\sfml.tlog\rc.read.1.tlog
c:\users\daniel\source\repos\sfml\sfml\debug\sfml.tlog\rc.write.1.tlog
